2019-01-15 12:30:35.898  INFO 8708 --- [main] me.whiteship.Springinit2Application      : Starting Springinit2Application on LAPTOP-8A7ACJAN with PID 8708 (D:\forGit\Study\SpringBootLectureExercise01\Springinit2\target\classes started by jth45 in D:\forGit\Study\SpringBootLectureExercise01\Springinit2)
2019-01-15 12:30:35.900  INFO 8708 --- [main] me.whiteship.Springinit2Application      : The following profiles are active: test
2019-01-15 12:30:36.445  INFO 8708 --- [main] me.whiteship.Springinit2Application      : Started Springinit2Application in 0.816 seconds (JVM running for 1.414)
2019-01-15 12:36:51.322  INFO 5064 --- [main] me.whiteship.Springinit2Application      : Starting Springinit2Application on LAPTOP-8A7ACJAN with PID 5064 (D:\forGit\Study\SpringBootLectureExercise01\Springinit2\target\classes started by jth45 in D:\forGit\Study\SpringBootLectureExercise01\Springinit2)
2019-01-15 12:36:51.325 DEBUG 5064 --- [main] me.whiteship.Springinit2Application      : Running with Spring Boot v2.1.2.RELEASE, Spring v5.1.4.RELEASE
2019-01-15 12:36:51.325  INFO 5064 --- [main] me.whiteship.Springinit2Application      : The following profiles are active: test
2019-01-15 12:36:51.871  INFO 5064 --- [main] me.whiteship.Springinit2Application      : Started Springinit2Application in 0.803 seconds (JVM running for 1.491)
2019-01-15 12:48:28.589  INFO 14024 --- [main] me.whiteship.Springinit2Application      : Starting Springinit2Application on LAPTOP-8A7ACJAN with PID 14024 (D:\forGit\Study\SpringBootLectureExercise01\Springinit2\target\classes started by jth45 in D:\forGit\Study\SpringBootLectureExercise01\Springinit2)
2019-01-15 12:48:28.597 DEBUG 14024 --- [main] me.whiteship.Springinit2Application      : Running with Spring Boot v2.1.2.RELEASE, Spring v5.1.4.RELEASE
2019-01-15 12:48:28.597  INFO 14024 --- [main] me.whiteship.Springinit2Application      : The following profiles are active: test
2019-01-15 12:48:29.074  INFO 14024 --- [main] me.whiteship.Springinit2Application      : Started Springinit2Application in 0.726 seconds (JVM running for 1.269)
2019-01-15 12:48:37.648  INFO 10732 --- [main] me.whiteship.Springinit2Application      : Starting Springinit2Application on LAPTOP-8A7ACJAN with PID 10732 (D:\forGit\Study\SpringBootLectureExercise01\Springinit2\target\classes started by jth45 in D:\forGit\Study\SpringBootLectureExercise01\Springinit2)
2019-01-15 12:48:37.650  INFO 10732 --- [main] me.whiteship.Springinit2Application      : The following profiles are active: test
2019-01-15 12:48:38.126  INFO 10732 --- [main] me.whiteship.Springinit2Application      : Started Springinit2Application in 0.71 seconds (JVM running for 1.239)
2019-01-15 12:48:47.290  INFO 10688 --- [main] me.whiteship.Springinit2Application      : Starting Springinit2Application on LAPTOP-8A7ACJAN with PID 10688 (D:\forGit\Study\SpringBootLectureExercise01\Springinit2\target\classes started by jth45 in D:\forGit\Study\SpringBootLectureExercise01\Springinit2)
2019-01-15 12:48:47.298 DEBUG 10688 --- [main] me.whiteship.Springinit2Application      : Running with Spring Boot v2.1.2.RELEASE, Spring v5.1.4.RELEASE
2019-01-15 12:48:47.298  INFO 10688 --- [main] me.whiteship.Springinit2Application      : The following profiles are active: test
2019-01-15 12:48:47.784  INFO 10688 --- [main] me.whiteship.Springinit2Application      : Started Springinit2Application in 0.733 seconds (JVM running for 1.279)
2019-01-15 12:52:55.734  INFO 6192 --- [main] me.whiteship.Springinit2Application      : Starting Springinit2Application on LAPTOP-8A7ACJAN with PID 6192 (D:\forGit\Study\SpringBootLectureExercise01\Springinit2\target\classes started by jth45 in D:\forGit\Study\SpringBootLectureExercise01\Springinit2)
2019-01-15 12:52:55.736 DEBUG 6192 --- [main] me.whiteship.Springinit2Application      : Running with Spring Boot v2.1.2.RELEASE, Spring v5.1.4.RELEASE
2019-01-15 12:52:55.736  INFO 6192 --- [main] me.whiteship.Springinit2Application      : The following profiles are active: test
2019-01-15 12:52:56.280  INFO 6192 --- [main] me.whiteship.Springinit2Application      : Started Springinit2Application in 0.811 seconds (JVM running for 1.388)
2019-01-15 12:52:56.281  INFO 6192 --- [main] me.whiteship.SampleListener              : =====================
2019-01-15 12:52:56.281  INFO 6192 --- [main] me.whiteship.SampleListener              : hello test
2019-01-15 12:52:56.281  INFO 6192 --- [main] me.whiteship.SampleListener              : taehyun test
2019-01-15 12:52:56.281  INFO 6192 --- [main] me.whiteship.SampleListener              : taehyun test Jeong
2019-01-15 12:52:56.281  INFO 6192 --- [main] me.whiteship.SampleListener              : =====================
2019-01-15 12:53:20.178  INFO 3716 --- [main] me.whiteship.Springinit2Application      : Starting Springinit2Application on LAPTOP-8A7ACJAN with PID 3716 (D:\forGit\Study\SpringBootLectureExercise01\Springinit2\target\classes started by jth45 in D:\forGit\Study\SpringBootLectureExercise01\Springinit2)
2019-01-15 12:53:20.180 DEBUG 3716 --- [main] me.whiteship.Springinit2Application      : Running with Spring Boot v2.1.2.RELEASE, Spring v5.1.4.RELEASE
2019-01-15 12:53:20.180  INFO 3716 --- [main] me.whiteship.Springinit2Application      : The following profiles are active: test
2019-01-15 12:53:20.661  INFO 3716 --- [main] me.whiteship.Springinit2Application      : Started Springinit2Application in 0.715 seconds (JVM running for 1.257)
2019-01-15 12:53:20.661  INFO 3716 --- [main] me.whiteship.SampleListener              : =====================
2019-01-15 12:53:20.662 DEBUG 3716 --- [main] me.whiteship.SampleListener              : hello test
2019-01-15 12:53:20.662 DEBUG 3716 --- [main] me.whiteship.SampleListener              : taehyun test
2019-01-15 12:53:20.662 DEBUG 3716 --- [main] me.whiteship.SampleListener              : taehyun test Jeong
2019-01-15 12:53:20.662  INFO 3716 --- [main] me.whiteship.SampleListener              : =====================
2019-01-15 12:53:32.835  INFO 12168 --- [main] me.whiteship.Springinit2Application      : Starting Springinit2Application on LAPTOP-8A7ACJAN with PID 12168 (D:\forGit\Study\SpringBootLectureExercise01\Springinit2\target\classes started by jth45 in D:\forGit\Study\SpringBootLectureExercise01\Springinit2)
2019-01-15 12:53:32.837  INFO 12168 --- [main] me.whiteship.Springinit2Application      : The following profiles are active: test
2019-01-15 12:53:33.319  INFO 12168 --- [main] me.whiteship.Springinit2Application      : Started Springinit2Application in 0.719 seconds (JVM running for 1.254)
2019-01-15 12:53:33.320  INFO 12168 --- [main] me.whiteship.SampleListener              : =====================
2019-01-15 12:53:33.320  INFO 12168 --- [main] me.whiteship.SampleListener              : =====================
2019-01-15 12:53:41.604  INFO 4376 --- [main] me.whiteship.Springinit2Application      : Starting Springinit2Application on LAPTOP-8A7ACJAN with PID 4376 (D:\forGit\Study\SpringBootLectureExercise01\Springinit2\target\classes started by jth45 in D:\forGit\Study\SpringBootLectureExercise01\Springinit2)
2019-01-15 12:53:41.611 DEBUG 4376 --- [main] me.whiteship.Springinit2Application      : Running with Spring Boot v2.1.2.RELEASE, Spring v5.1.4.RELEASE
2019-01-15 12:53:41.611  INFO 4376 --- [main] me.whiteship.Springinit2Application      : The following profiles are active: test
2019-01-15 12:53:42.080  INFO 4376 --- [main] me.whiteship.Springinit2Application      : Started Springinit2Application in 0.712 seconds (JVM running for 1.263)
2019-01-15 12:53:42.081  INFO 4376 --- [main] me.whiteship.SampleListener              : =====================
2019-01-15 12:53:42.081 DEBUG 4376 --- [main] me.whiteship.SampleListener              : hello test
2019-01-15 12:53:42.081 DEBUG 4376 --- [main] me.whiteship.SampleListener              : taehyun test
2019-01-15 12:53:42.081 DEBUG 4376 --- [main] me.whiteship.SampleListener              : taehyun test Jeong
2019-01-15 12:53:42.081  INFO 4376 --- [main] me.whiteship.SampleListener              : =====================
2019-01-15 18:10:53.979 DEBUG 11924 --- [main] .c.l.ClasspathLoggingApplicationListener : Application started with classpath: [file:/D:/forGit/Study/SpringBootLectureExercise01/Springinit2/target/classes/, file:/C:/Users/jth45/.m2/repository/org/springframework/boot/spring-boot-starter-web/2.1.2.RELEASE/spring-boot-starter-web-2.1.2.RELEASE.jar, file:/C:/Users/jth45/.m2/repository/org/springframework/boot/spring-boot-starter/2.1.2.RELEASE/spring-boot-starter-2.1.2.RELEASE.jar, file:/C:/Users/jth45/.m2/repository/org/springframework/boot/spring-boot/2.1.2.RELEASE/spring-boot-2.1.2.RELEASE.jar, file:/C:/Users/jth45/.m2/repository/org/springframework/boot/spring-boot-autoconfigure/2.1.2.RELEASE/spring-boot-autoconfigure-2.1.2.RELEASE.jar, file:/C:/Users/jth45/.m2/repository/org/springframework/boot/spring-boot-starter-logging/2.1.2.RELEASE/spring-boot-starter-logging-2.1.2.RELEASE.jar, file:/C:/Users/jth45/.m2/repository/ch/qos/logback/logback-classic/1.2.3/logback-classic-1.2.3.jar, file:/C:/Users/jth45/.m2/repository/ch/qos/logback/logback-core/1.2.3/logback-core-1.2.3.jar, file:/C:/Users/jth45/.m2/repository/org/apache/logging/log4j/log4j-to-slf4j/2.11.1/log4j-to-slf4j-2.11.1.jar, file:/C:/Users/jth45/.m2/repository/org/apache/logging/log4j/log4j-api/2.11.1/log4j-api-2.11.1.jar, file:/C:/Users/jth45/.m2/repository/org/slf4j/jul-to-slf4j/1.7.25/jul-to-slf4j-1.7.25.jar, file:/C:/Users/jth45/.m2/repository/javax/annotation/javax.annotation-api/1.3.2/javax.annotation-api-1.3.2.jar, file:/C:/Users/jth45/.m2/repository/org/yaml/snakeyaml/1.23/snakeyaml-1.23.jar, file:/C:/Users/jth45/.m2/repository/org/springframework/boot/spring-boot-starter-json/2.1.2.RELEASE/spring-boot-starter-json-2.1.2.RELEASE.jar, file:/C:/Users/jth45/.m2/repository/com/fasterxml/jackson/core/jackson-databind/2.9.8/jackson-databind-2.9.8.jar, file:/C:/Users/jth45/.m2/repository/com/fasterxml/jackson/core/jackson-annotations/2.9.0/jackson-annotations-2.9.0.jar, file:/C:/Users/jth45/.m2/repository/com/fasterxml/jackson/core/jackson-core/2.9.8/jackson-core-2.9.8.jar, file:/C:/Users/jth45/.m2/repository/com/fasterxml/jackson/datatype/jackson-datatype-jdk8/2.9.8/jackson-datatype-jdk8-2.9.8.jar, file:/C:/Users/jth45/.m2/repository/com/fasterxml/jackson/datatype/jackson-datatype-jsr310/2.9.8/jackson-datatype-jsr310-2.9.8.jar, file:/C:/Users/jth45/.m2/repository/com/fasterxml/jackson/module/jackson-module-parameter-names/2.9.8/jackson-module-parameter-names-2.9.8.jar, file:/C:/Users/jth45/.m2/repository/org/springframework/boot/spring-boot-starter-tomcat/2.1.2.RELEASE/spring-boot-starter-tomcat-2.1.2.RELEASE.jar, file:/C:/Users/jth45/.m2/repository/org/apache/tomcat/embed/tomcat-embed-core/9.0.14/tomcat-embed-core-9.0.14.jar, file:/C:/Users/jth45/.m2/repository/org/apache/tomcat/embed/tomcat-embed-el/9.0.14/tomcat-embed-el-9.0.14.jar, file:/C:/Users/jth45/.m2/repository/org/apache/tomcat/embed/tomcat-embed-websocket/9.0.14/tomcat-embed-websocket-9.0.14.jar, file:/C:/Users/jth45/.m2/repository/org/hibernate/validator/hibernate-validator/6.0.14.Final/hibernate-validator-6.0.14.Final.jar, file:/C:/Users/jth45/.m2/repository/javax/validation/validation-api/2.0.1.Final/validation-api-2.0.1.Final.jar, file:/C:/Users/jth45/.m2/repository/org/jboss/logging/jboss-logging/3.3.2.Final/jboss-logging-3.3.2.Final.jar, file:/C:/Users/jth45/.m2/repository/com/fasterxml/classmate/1.4.0/classmate-1.4.0.jar, file:/C:/Users/jth45/.m2/repository/org/springframework/spring-web/5.1.4.RELEASE/spring-web-5.1.4.RELEASE.jar, file:/C:/Users/jth45/.m2/repository/org/springframework/spring-beans/5.1.4.RELEASE/spring-beans-5.1.4.RELEASE.jar, file:/C:/Users/jth45/.m2/repository/org/springframework/spring-webmvc/5.1.4.RELEASE/spring-webmvc-5.1.4.RELEASE.jar, file:/C:/Users/jth45/.m2/repository/org/springframework/spring-aop/5.1.4.RELEASE/spring-aop-5.1.4.RELEASE.jar, file:/C:/Users/jth45/.m2/repository/org/springframework/spring-context/5.1.4.RELEASE/spring-context-5.1.4.RELEASE.jar, file:/C:/Users/jth45/.m2/repository/org/springframework/spring-expression/5.1.4.RELEASE/spring-expression-5.1.4.RELEASE.jar, file:/C:/Users/jth45/.m2/repository/org/slf4j/slf4j-api/1.7.25/slf4j-api-1.7.25.jar, file:/C:/Users/jth45/.m2/repository/org/springframework/spring-core/5.1.4.RELEASE/spring-core-5.1.4.RELEASE.jar, file:/C:/Users/jth45/.m2/repository/org/springframework/spring-jcl/5.1.4.RELEASE/spring-jcl-5.1.4.RELEASE.jar, file:/C:/Users/jth45/.m2/repository/org/springframework/boot/spring-boot-configuration-processor/2.1.2.RELEASE/spring-boot-configuration-processor-2.1.2.RELEASE.jar]
2019-01-15 18:10:53.990 DEBUG 11924 --- [main] o.s.c.e.PropertySourcesPropertyResolver  : Found key 'spring-boot.version' in PropertySource 'version' with value of type String
2019-01-15 18:10:54.033  INFO 11924 --- [main] me.whiteship.Springinit2Application      : Starting Springinit2Application on LAPTOP-8A7ACJAN with PID 11924 (D:\forGit\Study\SpringBootLectureExercise01\Springinit2\target\classes started by jth45 in D:\forGit\Study\SpringBootLectureExercise01\Springinit2)
2019-01-15 18:10:54.033  INFO 11924 --- [main] me.whiteship.Springinit2Application      : The following profiles are active: test
2019-01-15 18:10:54.033 DEBUG 11924 --- [main] o.s.boot.SpringApplication               : Loading source class me.whiteship.Springinit2Application
2019-01-15 18:10:54.164 DEBUG 11924 --- [main] o.s.b.c.c.ConfigFileApplicationListener  : Activated activeProfiles test
2019-01-15 18:10:54.164 DEBUG 11924 --- [main] o.s.b.c.c.ConfigFileApplicationListener  : Loaded config file 'file:/D:/forGit/Study/SpringBootLectureExercise01/Springinit2/target/classes/application.properties' (classpath:/application.properties)
2019-01-15 18:10:54.164 DEBUG 11924 --- [main] o.s.b.c.c.ConfigFileApplicationListener  : Loaded config file 'file:/D:/forGit/Study/SpringBootLectureExercise01/Springinit2/target/classes/application-test.properties' (classpath:/application-test.properties) for profile test
2019-01-15 18:10:54.164 DEBUG 11924 --- [main] s.c.a.AnnotationConfigApplicationContext : Refreshing org.springframework.context.annotation.AnnotationConfigApplicationContext@2b6faea6
2019-01-15 18:10:54.174 DEBUG 11924 --- [main] o.s.b.f.s.DefaultListableBeanFactory     : Creating shared instance of singleton bean 'org.springframework.context.annotation.internalConfigurationAnnotationProcessor'
2019-01-15 18:10:54.183 DEBUG 11924 --- [main] o.s.b.f.s.DefaultListableBeanFactory     : Creating shared instance of singleton bean 'org.springframework.boot.autoconfigure.internalCachingMetadataReaderFactory'
2019-01-15 18:10:54.257 DEBUG 11924 --- [main] o.s.c.a.ClassPathBeanDefinitionScanner   : Identified candidate component class: file [D:\forGit\Study\SpringBootLectureExercise01\Springinit2\target\classes\me\whiteship\SampleListener.class]
2019-01-15 18:10:54.260 DEBUG 11924 --- [main] o.s.c.a.ClassPathBeanDefinitionScanner   : Identified candidate component class: file [D:\forGit\Study\SpringBootLectureExercise01\Springinit2\target\classes\me\whiteship\TaehyunProperties.class]
2019-01-15 18:10:54.270 DEBUG 11924 --- [main] o.s.c.a.ClassPathBeanDefinitionScanner   : Identified candidate component class: file [D:\forGit\Study\SpringBootLectureExercise01\Springinit2\target\classes\me\whiteship\config\TestConfiguration.class]
2019-01-15 18:10:54.340 DEBUG 11924 --- [main] o.s.c.e.PropertySourcesPropertyResolver  : Found key 'spring.application.admin.enabled' in PropertySource 'configurationProperties' with value of type String
2019-01-15 18:10:54.386 DEBUG 11924 --- [main] o.s.b.f.s.DefaultListableBeanFactory     : Creating shared instance of singleton bean 'org.springframework.boot.autoconfigure.condition.BeanTypeRegistry'
2019-01-15 18:10:54.403 DEBUG 11924 --- [main] o.s.c.e.PropertySourcesPropertyResolver  : Found key 'spring.application.admin.enabled' in PropertySource 'configurationProperties' with value of type String
2019-01-15 18:10:54.501 DEBUG 11924 --- [main] o.s.b.f.s.DefaultListableBeanFactory     : Creating shared instance of singleton bean 'propertySourcesPlaceholderConfigurer'
2019-01-15 18:10:54.504 DEBUG 11924 --- [main] o.s.b.f.s.DefaultListableBeanFactory     : Creating shared instance of singleton bean 'org.springframework.context.event.internalEventListenerProcessor'
2019-01-15 18:10:54.505 DEBUG 11924 --- [main] o.s.b.f.s.DefaultListableBeanFactory     : Creating shared instance of singleton bean 'org.springframework.boot.context.properties.ConfigurationBeanFactoryMetadata'
2019-01-15 18:10:55.192 DEBUG 11924 --- [main] o.s.b.f.s.DefaultListableBeanFactory     : Creating shared instance of singleton bean 'org.springframework.context.event.internalEventListenerFactory'
2019-01-15 18:10:55.194 DEBUG 11924 --- [main] o.s.b.f.s.DefaultListableBeanFactory     : Creating shared instance of singleton bean 'org.springframework.context.annotation.internalAutowiredAnnotationProcessor'
2019-01-15 18:10:55.195 DEBUG 11924 --- [main] o.s.b.f.s.DefaultListableBeanFactory     : Creating shared instance of singleton bean 'org.springframework.context.annotation.internalCommonAnnotationProcessor'
2019-01-15 18:10:55.198 DEBUG 11924 --- [main] o.s.b.f.s.DefaultListableBeanFactory     : Creating shared instance of singleton bean 'org.springframework.boot.context.properties.ConfigurationPropertiesBindingPostProcessor'
2019-01-15 18:10:55.200 DEBUG 11924 --- [main] o.s.b.f.s.DefaultListableBeanFactory     : Creating shared instance of singleton bean 'methodValidationPostProcessor'
2019-01-15 18:10:55.210 DEBUG 11924 --- [main] o.s.b.f.s.DefaultListableBeanFactory     : Autowiring by type from bean name 'methodValidationPostProcessor' via factory method to bean named 'environment'
2019-01-15 18:10:55.217 DEBUG 11924 --- [main] o.s.b.f.s.DefaultListableBeanFactory     : Creating shared instance of singleton bean 'springinit2Application'
2019-01-15 18:10:55.219 DEBUG 11924 --- [main] o.s.b.f.s.DefaultListableBeanFactory     : Creating shared instance of singleton bean 'sampleListener'
2019-01-15 18:10:55.221 DEBUG 11924 --- [main] o.s.b.f.s.DefaultListableBeanFactory     : Creating shared instance of singleton bean 'hello'
2019-01-15 18:10:55.222 DEBUG 11924 --- [main] o.s.b.f.s.DefaultListableBeanFactory     : Creating shared instance of singleton bean 'testConfiguration'
2019-01-15 18:10:55.229 DEBUG 11924 --- [main] o.s.b.f.s.DefaultListableBeanFactory     : Creating shared instance of singleton bean 'taehyunProperties'
2019-01-15 18:10:55.239 DEBUG 11924 --- [main] o.s.c.e.PropertySourcesPropertyResolver  : Found key 'random.int(0,100)' in PropertySource 'random' with value of type Integer
2019-01-15 18:10:55.240 DEBUG 11924 --- [main] o.s.c.e.PropertySourcesPropertyResolver  : Found key 'taehyun.name' in PropertySource 'configurationProperties' with value of type String
2019-01-15 18:10:55.240 DEBUG 11924 --- [main] o.s.b.f.s.DefaultListableBeanFactory     : Creating shared instance of singleton bean 'org.springframework.boot.autoconfigure.AutoConfigurationPackages'
2019-01-15 18:10:55.243 DEBUG 11924 --- [main] o.s.b.f.s.DefaultListableBeanFactory     : Creating shared instance of singleton bean 'taehyun-me.whiteship.TaehyunProperties'
2019-01-15 18:10:55.244 DEBUG 11924 --- [main] o.s.c.e.PropertySourcesPropertyResolver  : Found key 'random.int(0,100)' in PropertySource 'random' with value of type Integer
2019-01-15 18:10:55.244 DEBUG 11924 --- [main] o.s.c.e.PropertySourcesPropertyResolver  : Found key 'taehyun.name' in PropertySource 'configurationProperties' with value of type String
2019-01-15 18:10:55.244 DEBUG 11924 --- [main] o.s.b.f.s.DefaultListableBeanFactory     : Creating shared instance of singleton bean 'org.springframework.boot.autoconfigure.context.PropertyPlaceholderAutoConfiguration'
2019-01-15 18:10:55.246 DEBUG 11924 --- [main] o.s.b.f.s.DefaultListableBeanFactory     : Creating shared instance of singleton bean 'org.springframework.boot.autoconfigure.task.TaskExecutionAutoConfiguration'
2019-01-15 18:10:55.246 DEBUG 11924 --- [main] ocalVariableTableParameterNameDiscoverer : Cannot find '.class' file for class [class org.springframework.boot.autoconfigure.task.TaskExecutionAutoConfiguration$$EnhancerBySpringCGLIB$$ceddd157] - unable to determine constructor/method parameter names
2019-01-15 18:10:55.247 DEBUG 11924 --- [main] o.s.b.f.s.DefaultListableBeanFactory     : Creating shared instance of singleton bean 'spring.task.execution-org.springframework.boot.autoconfigure.task.TaskExecutionProperties'
2019-01-15 18:10:55.248 DEBUG 11924 --- [main] o.s.b.f.s.DefaultListableBeanFactory     : Autowiring by type from bean name 'org.springframework.boot.autoconfigure.task.TaskExecutionAutoConfiguration' via constructor to bean named 'spring.task.execution-org.springframework.boot.autoconfigure.task.TaskExecutionProperties'
2019-01-15 18:10:55.249 DEBUG 11924 --- [main] o.s.b.f.s.DefaultListableBeanFactory     : Creating shared instance of singleton bean 'taskExecutorBuilder'
2019-01-15 18:10:55.253 DEBUG 11924 --- [main] o.s.b.f.s.DefaultListableBeanFactory     : Creating shared instance of singleton bean 'org.springframework.boot.autoconfigure.validation.ValidationAutoConfiguration'
2019-01-15 18:10:55.254 DEBUG 11924 --- [main] o.s.b.f.s.DefaultListableBeanFactory     : Creating shared instance of singleton bean 'defaultValidator'
2019-01-15 18:10:55.261 DEBUG 11924 --- [main] o.s.b.f.s.DefaultListableBeanFactory     : Creating shared instance of singleton bean 'org.springframework.boot.autoconfigure.jmx.JmxAutoConfiguration'
2019-01-15 18:10:55.265 DEBUG 11924 --- [main] o.s.b.f.s.DefaultListableBeanFactory     : Creating shared instance of singleton bean 'mbeanExporter'
2019-01-15 18:10:55.265 DEBUG 11924 --- [main] o.s.b.f.s.DefaultListableBeanFactory     : Creating shared instance of singleton bean 'objectNamingStrategy'
2019-01-15 18:10:55.266 DEBUG 11924 --- [main] o.s.b.f.s.DefaultListableBeanFactory     : Autowiring by type from bean name 'mbeanExporter' via factory method to bean named 'objectNamingStrategy'
2019-01-15 18:10:55.270 DEBUG 11924 --- [main] o.s.b.f.s.DefaultListableBeanFactory     : Creating shared instance of singleton bean 'mbeanServer'
2019-01-15 18:10:55.272 DEBUG 11924 --- [main] o.springframework.jmx.support.JmxUtils   : Found MBeanServer: com.sun.jmx.mbeanserver.JmxMBeanServer@6f94fa3e
2019-01-15 18:10:55.274 DEBUG 11924 --- [main] o.s.b.f.s.DefaultListableBeanFactory     : Creating shared instance of singleton bean 'org.springframework.boot.autoconfigure.admin.SpringApplicationAdminJmxAutoConfiguration'
2019-01-15 18:10:55.275 DEBUG 11924 --- [main] ocalVariableTableParameterNameDiscoverer : Cannot find '.class' file for class [class org.springframework.boot.autoconfigure.admin.SpringApplicationAdminJmxAutoConfiguration$$EnhancerBySpringCGLIB$$d5ead94f] - unable to determine constructor/method parameter names
2019-01-15 18:10:55.275 DEBUG 11924 --- [main] o.s.b.f.s.DefaultListableBeanFactory     : Autowiring by type from bean name 'org.springframework.boot.autoconfigure.admin.SpringApplicationAdminJmxAutoConfiguration' via constructor to bean named 'environment'
2019-01-15 18:10:55.276 DEBUG 11924 --- [main] o.s.b.f.s.DefaultListableBeanFactory     : Creating shared instance of singleton bean 'springApplicationAdminRegistrar'
2019-01-15 18:10:55.279 DEBUG 11924 --- [main] inMXBeanRegistrar$SpringApplicationAdmin : Application Admin MBean registered with name 'org.springframework.boot:type=Admin,name=SpringApplication'
2019-01-15 18:10:55.279 DEBUG 11924 --- [main] o.s.b.f.s.DefaultListableBeanFactory     : Creating shared instance of singleton bean 'org.springframework.boot.autoconfigure.context.ConfigurationPropertiesAutoConfiguration'
2019-01-15 18:10:55.280 DEBUG 11924 --- [main] o.s.b.f.s.DefaultListableBeanFactory     : Creating shared instance of singleton bean 'org.springframework.boot.autoconfigure.jackson.JacksonAutoConfiguration$Jackson2ObjectMapperBuilderCustomizerConfiguration'
2019-01-15 18:10:55.280 DEBUG 11924 --- [main] o.s.b.f.s.DefaultListableBeanFactory     : Creating shared instance of singleton bean 'standardJacksonObjectMapperBuilderCustomizer'
2019-01-15 18:10:55.281 DEBUG 11924 --- [main] o.s.b.f.s.DefaultListableBeanFactory     : Creating shared instance of singleton bean 'spring.jackson-org.springframework.boot.autoconfigure.jackson.JacksonProperties'
2019-01-15 18:10:55.281 DEBUG 11924 --- [main] o.s.b.f.s.DefaultListableBeanFactory     : Autowiring by type from bean name 'standardJacksonObjectMapperBuilderCustomizer' via factory method to bean named 'org.springframework.context.annotation.AnnotationConfigApplicationContext@2b6faea6'
2019-01-15 18:10:55.282 DEBUG 11924 --- [main] o.s.b.f.s.DefaultListableBeanFactory     : Autowiring by type from bean name 'standardJacksonObjectMapperBuilderCustomizer' via factory method to bean named 'spring.jackson-org.springframework.boot.autoconfigure.jackson.JacksonProperties'
2019-01-15 18:10:55.283 DEBUG 11924 --- [main] o.s.b.f.s.DefaultListableBeanFactory     : Creating shared instance of singleton bean 'org.springframework.boot.autoconfigure.jackson.JacksonAutoConfiguration$JacksonObjectMapperBuilderConfiguration'
2019-01-15 18:10:55.284 DEBUG 11924 --- [main] ocalVariableTableParameterNameDiscoverer : Cannot find '.class' file for class [class org.springframework.boot.autoconfigure.jackson.JacksonAutoConfiguration$JacksonObjectMapperBuilderConfiguration$$EnhancerBySpringCGLIB$$511e7a2b] - unable to determine constructor/method parameter names
2019-01-15 18:10:55.284 DEBUG 11924 --- [main] o.s.b.f.s.DefaultListableBeanFactory     : Autowiring by type from bean name 'org.springframework.boot.autoconfigure.jackson.JacksonAutoConfiguration$JacksonObjectMapperBuilderConfiguration' via constructor to bean named 'org.springframework.context.annotation.AnnotationConfigApplicationContext@2b6faea6'
2019-01-15 18:10:55.285 DEBUG 11924 --- [main] o.s.b.f.s.DefaultListableBeanFactory     : Creating shared instance of singleton bean 'jacksonObjectMapperBuilder'
2019-01-15 18:10:55.285 DEBUG 11924 --- [main] o.s.b.f.s.DefaultListableBeanFactory     : Autowiring by type from bean name 'jacksonObjectMapperBuilder' via factory method to bean named 'standardJacksonObjectMapperBuilderCustomizer'
2019-01-15 18:10:55.288 DEBUG 11924 --- [main] o.s.b.f.s.DefaultListableBeanFactory     : Creating shared instance of singleton bean 'parameterNamesModule'
2019-01-15 18:10:55.288 DEBUG 11924 --- [main] o.s.b.f.s.DefaultListableBeanFactory     : Creating shared instance of singleton bean 'org.springframework.boot.autoconfigure.jackson.JacksonAutoConfiguration$ParameterNamesModuleConfiguration'
2019-01-15 18:10:55.291 DEBUG 11924 --- [main] o.s.b.f.s.DefaultListableBeanFactory     : Creating shared instance of singleton bean 'jsonComponentModule'
2019-01-15 18:10:55.292 DEBUG 11924 --- [main] o.s.b.f.s.DefaultListableBeanFactory     : Creating shared instance of singleton bean 'org.springframework.boot.autoconfigure.jackson.JacksonAutoConfiguration'
2019-01-15 18:10:55.298 DEBUG 11924 --- [main] o.s.b.f.s.DefaultListableBeanFactory     : Creating shared instance of singleton bean 'org.springframework.boot.autoconfigure.jackson.JacksonAutoConfiguration$JacksonObjectMapperConfiguration'
2019-01-15 18:10:55.299 DEBUG 11924 --- [main] o.s.b.f.s.DefaultListableBeanFactory     : Creating shared instance of singleton bean 'jacksonObjectMapper'
2019-01-15 18:10:55.300 DEBUG 11924 --- [main] o.s.b.f.s.DefaultListableBeanFactory     : Autowiring by type from bean name 'jacksonObjectMapper' via factory method to bean named 'jacksonObjectMapperBuilder'
2019-01-15 18:10:55.313 DEBUG 11924 --- [main] o.s.b.f.s.DefaultListableBeanFactory     : Creating shared instance of singleton bean 'org.springframework.boot.autoconfigure.http.HttpMessageConvertersAutoConfiguration$StringHttpMessageConverterConfiguration'
2019-01-15 18:10:55.313 DEBUG 11924 --- [main] ocalVariableTableParameterNameDiscoverer : Cannot find '.class' file for class [class org.springframework.boot.autoconfigure.http.HttpMessageConvertersAutoConfiguration$StringHttpMessageConverterConfiguration$$EnhancerBySpringCGLIB$$907fcab5] - unable to determine constructor/method parameter names
2019-01-15 18:10:55.314 DEBUG 11924 --- [main] o.s.b.f.s.DefaultListableBeanFactory     : Creating shared instance of singleton bean 'spring.http-org.springframework.boot.autoconfigure.http.HttpProperties'
2019-01-15 18:10:55.314 DEBUG 11924 --- [main] o.s.b.f.s.DefaultListableBeanFactory     : Autowiring by type from bean name 'org.springframework.boot.autoconfigure.http.HttpMessageConvertersAutoConfiguration$StringHttpMessageConverterConfiguration' via constructor to bean named 'spring.http-org.springframework.boot.autoconfigure.http.HttpProperties'
2019-01-15 18:10:55.315 DEBUG 11924 --- [main] o.s.b.f.s.DefaultListableBeanFactory     : Creating shared instance of singleton bean 'stringHttpMessageConverter'
2019-01-15 18:10:55.320 DEBUG 11924 --- [main] o.s.b.f.s.DefaultListableBeanFactory     : Creating shared instance of singleton bean 'org.springframework.boot.autoconfigure.http.JacksonHttpMessageConvertersConfiguration$MappingJackson2HttpMessageConverterConfiguration'
2019-01-15 18:10:55.321 DEBUG 11924 --- [main] o.s.b.f.s.DefaultListableBeanFactory     : Creating shared instance of singleton bean 'mappingJackson2HttpMessageConverter'
2019-01-15 18:10:55.321 DEBUG 11924 --- [main] o.s.b.f.s.DefaultListableBeanFactory     : Autowiring by type from bean name 'mappingJackson2HttpMessageConverter' via factory method to bean named 'jacksonObjectMapper'
2019-01-15 18:10:55.324 DEBUG 11924 --- [main] o.s.b.f.s.DefaultListableBeanFactory     : Creating shared instance of singleton bean 'org.springframework.boot.autoconfigure.http.JacksonHttpMessageConvertersConfiguration'
2019-01-15 18:10:55.324 DEBUG 11924 --- [main] o.s.b.f.s.DefaultListableBeanFactory     : Creating shared instance of singleton bean 'org.springframework.boot.autoconfigure.http.HttpMessageConvertersAutoConfiguration'
2019-01-15 18:10:55.324 DEBUG 11924 --- [main] ocalVariableTableParameterNameDiscoverer : Cannot find '.class' file for class [class org.springframework.boot.autoconfigure.http.HttpMessageConvertersAutoConfiguration$$EnhancerBySpringCGLIB$$5d720415] - unable to determine constructor/method parameter names
2019-01-15 18:10:55.327 DEBUG 11924 --- [main] o.s.b.f.s.DefaultListableBeanFactory     : Creating shared instance of singleton bean 'messageConverters'
2019-01-15 18:10:55.333 DEBUG 11924 --- [main] o.s.b.f.s.DefaultListableBeanFactory     : Creating shared instance of singleton bean 'org.springframework.boot.autoconfigure.http.codec.CodecsAutoConfiguration$LoggingCodecConfiguration'
2019-01-15 18:10:55.334 DEBUG 11924 --- [main] o.s.b.f.s.DefaultListableBeanFactory     : Creating shared instance of singleton bean 'loggingCodecCustomizer'
2019-01-15 18:10:55.334 DEBUG 11924 --- [main] o.s.b.f.s.DefaultListableBeanFactory     : Autowiring by type from bean name 'loggingCodecCustomizer' via factory method to bean named 'spring.http-org.springframework.boot.autoconfigure.http.HttpProperties'
2019-01-15 18:10:55.336 DEBUG 11924 --- [main] o.s.b.f.s.DefaultListableBeanFactory     : Creating shared instance of singleton bean 'org.springframework.boot.autoconfigure.http.codec.CodecsAutoConfiguration$JacksonCodecConfiguration'
2019-01-15 18:10:55.337 DEBUG 11924 --- [main] o.s.b.f.s.DefaultListableBeanFactory     : Creating shared instance of singleton bean 'jacksonCodecCustomizer'
2019-01-15 18:10:55.337 DEBUG 11924 --- [main] o.s.b.f.s.DefaultListableBeanFactory     : Autowiring by type from bean name 'jacksonCodecCustomizer' via factory method to bean named 'jacksonObjectMapper'
2019-01-15 18:10:55.340 DEBUG 11924 --- [main] o.s.b.f.s.DefaultListableBeanFactory     : Creating shared instance of singleton bean 'org.springframework.boot.autoconfigure.http.codec.CodecsAutoConfiguration'
2019-01-15 18:10:55.340 DEBUG 11924 --- [main] o.s.b.f.s.DefaultListableBeanFactory     : Creating shared instance of singleton bean 'org.springframework.boot.autoconfigure.info.ProjectInfoAutoConfiguration'
2019-01-15 18:10:55.340 DEBUG 11924 --- [main] ocalVariableTableParameterNameDiscoverer : Cannot find '.class' file for class [class org.springframework.boot.autoconfigure.info.ProjectInfoAutoConfiguration$$EnhancerBySpringCGLIB$$7f38459a] - unable to determine constructor/method parameter names
2019-01-15 18:10:55.341 DEBUG 11924 --- [main] o.s.b.f.s.DefaultListableBeanFactory     : Creating shared instance of singleton bean 'spring.info-org.springframework.boot.autoconfigure.info.ProjectInfoProperties'
2019-01-15 18:10:55.341 DEBUG 11924 --- [main] o.s.b.f.s.DefaultListableBeanFactory     : Autowiring by type from bean name 'org.springframework.boot.autoconfigure.info.ProjectInfoAutoConfiguration' via constructor to bean named 'spring.info-org.springframework.boot.autoconfigure.info.ProjectInfoProperties'
2019-01-15 18:10:55.342 DEBUG 11924 --- [main] o.s.b.f.s.DefaultListableBeanFactory     : Creating shared instance of singleton bean 'org.springframework.boot.autoconfigure.task.TaskSchedulingAutoConfiguration'
2019-01-15 18:10:55.342 DEBUG 11924 --- [main] o.s.b.f.s.DefaultListableBeanFactory     : Creating shared instance of singleton bean 'taskSchedulerBuilder'
2019-01-15 18:10:55.343 DEBUG 11924 --- [main] o.s.b.f.s.DefaultListableBeanFactory     : Creating shared instance of singleton bean 'spring.task.scheduling-org.springframework.boot.autoconfigure.task.TaskSchedulingProperties'
2019-01-15 18:10:55.343 DEBUG 11924 --- [main] o.s.b.f.s.DefaultListableBeanFactory     : Autowiring by type from bean name 'taskSchedulerBuilder' via factory method to bean named 'spring.task.scheduling-org.springframework.boot.autoconfigure.task.TaskSchedulingProperties'
2019-01-15 18:10:55.346 DEBUG 11924 --- [main] o.s.b.f.s.DefaultListableBeanFactory     : Creating shared instance of singleton bean 'org.springframework.boot.autoconfigure.web.client.RestTemplateAutoConfiguration'
2019-01-15 18:10:55.346 DEBUG 11924 --- [main] ocalVariableTableParameterNameDiscoverer : Cannot find '.class' file for class [class org.springframework.boot.autoconfigure.web.client.RestTemplateAutoConfiguration$$EnhancerBySpringCGLIB$$de543202] - unable to determine constructor/method parameter names
2019-01-15 18:10:55.347 DEBUG 11924 --- [main] o.s.b.f.s.DefaultListableBeanFactory     : Creating shared instance of singleton bean 'restTemplateBuilder'
2019-01-15 18:10:55.356 DEBUG 11924 --- [main] o.s.j.e.a.AnnotationMBeanExporter        : Registering beans for JMX exposure on startup
2019-01-15 18:10:55.356 DEBUG 11924 --- [main] o.s.j.e.a.AnnotationMBeanExporter        : Autodetecting user-defined JMX MBeans
2019-01-15 18:10:55.373 DEBUG 11924 --- [main] ConditionEvaluationReportLoggingListener : 


============================
CONDITIONS EVALUATION REPORT
============================


Positive matches:
-----------------

   CodecsAutoConfiguration matched:
      - @ConditionalOnClass found required class 'org.springframework.http.codec.CodecConfigurer' (OnClassCondition)

   CodecsAutoConfiguration.JacksonCodecConfiguration matched:
      - @ConditionalOnClass found required class 'com.fasterxml.jackson.databind.ObjectMapper' (OnClassCondition)

   CodecsAutoConfiguration.JacksonCodecConfiguration#jacksonCodecCustomizer matched:
      - @ConditionalOnBean (types: com.fasterxml.jackson.databind.ObjectMapper; SearchStrategy: all) found bean 'jacksonObjectMapper' (OnBeanCondition)

   GenericCacheConfiguration matched:
      - Cache org.springframework.boot.autoconfigure.cache.GenericCacheConfiguration automatic cache type (CacheCondition)

   HttpMessageConvertersAutoConfiguration matched:
      - @ConditionalOnClass found required class 'org.springframework.http.converter.HttpMessageConverter' (OnClassCondition)

   HttpMessageConvertersAutoConfiguration#messageConverters matched:
      - @ConditionalOnMissingBean (types: org.springframework.boot.autoconfigure.http.HttpMessageConverters; SearchStrategy: all) did not find any beans (OnBeanCondition)

   HttpMessageConvertersAutoConfiguration.StringHttpMessageConverterConfiguration matched:
      - @ConditionalOnClass found required class 'org.springframework.http.converter.StringHttpMessageConverter' (OnClassCondition)

   HttpMessageConvertersAutoConfiguration.StringHttpMessageConverterConfiguration#stringHttpMessageConverter matched:
      - @ConditionalOnMissingBean (types: org.springframework.http.converter.StringHttpMessageConverter; SearchStrategy: all) did not find any beans (OnBeanCondition)

   JacksonAutoConfiguration matched:
      - @ConditionalOnClass found required class 'com.fasterxml.jackson.databind.ObjectMapper' (OnClassCondition)

   JacksonAutoConfiguration.Jackson2ObjectMapperBuilderCustomizerConfiguration matched:
      - @ConditionalOnClass found required class 'org.springframework.http.converter.json.Jackson2ObjectMapperBuilder' (OnClassCondition)

   JacksonAutoConfiguration.JacksonObjectMapperBuilderConfiguration matched:
      - @ConditionalOnClass found required class 'org.springframework.http.converter.json.Jackson2ObjectMapperBuilder' (OnClassCondition)

   JacksonAutoConfiguration.JacksonObjectMapperBuilderConfiguration#jacksonObjectMapperBuilder matched:
      - @ConditionalOnMissingBean (types: org.springframework.http.converter.json.Jackson2ObjectMapperBuilder; SearchStrategy: all) did not find any beans (OnBeanCondition)

   JacksonAutoConfiguration.JacksonObjectMapperConfiguration matched:
      - @ConditionalOnClass found required class 'org.springframework.http.converter.json.Jackson2ObjectMapperBuilder' (OnClassCondition)

   JacksonAutoConfiguration.JacksonObjectMapperConfiguration#jacksonObjectMapper matched:
      - @ConditionalOnMissingBean (types: com.fasterxml.jackson.databind.ObjectMapper; SearchStrategy: all) did not find any beans (OnBeanCondition)

   JacksonAutoConfiguration.ParameterNamesModuleConfiguration matched:
      - @ConditionalOnClass found required class 'com.fasterxml.jackson.module.paramnames.ParameterNamesModule' (OnClassCondition)

   JacksonAutoConfiguration.ParameterNamesModuleConfiguration#parameterNamesModule matched:
      - @ConditionalOnMissingBean (types: com.fasterxml.jackson.module.paramnames.ParameterNamesModule; SearchStrategy: all) did not find any beans (OnBeanCondition)

   JacksonHttpMessageConvertersConfiguration.MappingJackson2HttpMessageConverterConfiguration matched:
      - @ConditionalOnClass found required class 'com.fasterxml.jackson.databind.ObjectMapper' (OnClassCondition)
      - @ConditionalOnProperty (spring.http.converters.preferred-json-mapper=jackson) matched (OnPropertyCondition)
      - @ConditionalOnBean (types: com.fasterxml.jackson.databind.ObjectMapper; SearchStrategy: all) found bean 'jacksonObjectMapper' (OnBeanCondition)

   JacksonHttpMessageConvertersConfiguration.MappingJackson2HttpMessageConverterConfiguration#mappingJackson2HttpMessageConverter matched:
      - @ConditionalOnMissingBean (types: org.springframework.http.converter.json.MappingJackson2HttpMessageConverter; SearchStrategy: all) did not find any beans (OnBeanCondition)

   JmxAutoConfiguration matched:
      - @ConditionalOnClass found required class 'org.springframework.jmx.export.MBeanExporter' (OnClassCondition)
      - @ConditionalOnProperty (spring.jmx.enabled=true) matched (OnPropertyCondition)

   JmxAutoConfiguration#mbeanExporter matched:
      - @ConditionalOnMissingBean (types: org.springframework.jmx.export.MBeanExporter; SearchStrategy: current) did not find any beans (OnBeanCondition)

   JmxAutoConfiguration#mbeanServer matched:
      - @ConditionalOnMissingBean (types: javax.management.MBeanServer; SearchStrategy: all) did not find any beans (OnBeanCondition)

   JmxAutoConfiguration#objectNamingStrategy matched:
      - @ConditionalOnMissingBean (types: org.springframework.jmx.export.naming.ObjectNamingStrategy; SearchStrategy: current) did not find any beans (OnBeanCondition)

   NoOpCacheConfiguration matched:
      - Cache org.springframework.boot.autoconfigure.cache.NoOpCacheConfiguration automatic cache type (CacheCondition)

   PropertyPlaceholderAutoConfiguration#propertySourcesPlaceholderConfigurer matched:
      - @ConditionalOnMissingBean (types: org.springframework.context.support.PropertySourcesPlaceholderConfigurer; SearchStrategy: current) did not find any beans (OnBeanCondition)

   RestTemplateAutoConfiguration matched:
      - @ConditionalOnClass found required class 'org.springframework.web.client.RestTemplate' (OnClassCondition)

   RestTemplateAutoConfiguration#restTemplateBuilder matched:
      - @ConditionalOnMissingBean (types: org.springframework.boot.web.client.RestTemplateBuilder; SearchStrategy: all) did not find any beans (OnBeanCondition)

   SimpleCacheConfiguration matched:
      - Cache org.springframework.boot.autoconfigure.cache.SimpleCacheConfiguration automatic cache type (CacheCondition)

   SpringApplicationAdminJmxAutoConfiguration matched:
      - @ConditionalOnProperty (spring.application.admin.enabled=true) matched (OnPropertyCondition)

   SpringApplicationAdminJmxAutoConfiguration#springApplicationAdminRegistrar matched:
      - @ConditionalOnMissingBean (types: org.springframework.boot.admin.SpringApplicationAdminMXBeanRegistrar; SearchStrategy: all) did not find any beans (OnBeanCondition)

   TaskExecutionAutoConfiguration matched:
      - @ConditionalOnClass found required class 'org.springframework.scheduling.concurrent.ThreadPoolTaskExecutor' (OnClassCondition)

   TaskExecutionAutoConfiguration#applicationTaskExecutor matched:
      - @ConditionalOnMissingBean (types: java.util.concurrent.Executor; SearchStrategy: all) did not find any beans (OnBeanCondition)

   TaskExecutionAutoConfiguration#taskExecutorBuilder matched:
      - @ConditionalOnMissingBean (types: org.springframework.boot.task.TaskExecutorBuilder; SearchStrategy: all) did not find any beans (OnBeanCondition)

   TaskSchedulingAutoConfiguration matched:
      - @ConditionalOnClass found required class 'org.springframework.scheduling.concurrent.ThreadPoolTaskScheduler' (OnClassCondition)

   TaskSchedulingAutoConfiguration#taskSchedulerBuilder matched:
      - @ConditionalOnMissingBean (types: org.springframework.boot.task.TaskSchedulerBuilder; SearchStrategy: all) did not find any beans (OnBeanCondition)

   ValidationAutoConfiguration matched:
      - @ConditionalOnClass found required class 'javax.validation.executable.ExecutableValidator' (OnClassCondition)
      - @ConditionalOnResource found location classpath:META-INF/services/javax.validation.spi.ValidationProvider (OnResourceCondition)

   ValidationAutoConfiguration#defaultValidator matched:
      - @ConditionalOnMissingBean (types: javax.validation.Validator; SearchStrategy: all) did not find any beans (OnBeanCondition)

   ValidationAutoConfiguration#methodValidationPostProcessor matched:
      - @ConditionalOnMissingBean (types: org.springframework.validation.beanvalidation.MethodValidationPostProcessor; SearchStrategy: all) did not find any beans (OnBeanCondition)


Negative matches:
-----------------

   ActiveMQAutoConfiguration:
      Did not match:
         - @ConditionalOnClass did not find required class 'javax.jms.ConnectionFactory' (OnClassCondition)

   AopAutoConfiguration:
      Did not match:
         - @ConditionalOnClass did not find required class 'org.aspectj.lang.annotation.Aspect' (OnClassCondition)

   ArtemisAutoConfiguration:
      Did not match:
         - @ConditionalOnClass did not find required class 'javax.jms.ConnectionFactory' (OnClassCondition)

   BatchAutoConfiguration:
      Did not match:
         - @ConditionalOnClass did not find required class 'org.springframework.batch.core.launch.JobLauncher' (OnClassCondition)

   CacheAutoConfiguration:
      Did not match:
         - @ConditionalOnBean (types: org.springframework.cache.interceptor.CacheAspectSupport; SearchStrategy: all) did not find any beans of type org.springframework.cache.interceptor.CacheAspectSupport (OnBeanCondition)
      Matched:
         - @ConditionalOnClass found required class 'org.springframework.cache.CacheManager' (OnClassCondition)

   CacheAutoConfiguration.CacheManagerJpaDependencyConfiguration:
      Did not match:
         - @ConditionalOnClass did not find required class 'org.springframework.orm.jpa.LocalContainerEntityManagerFactoryBean' (OnClassCondition)
         - Ancestor org.springframework.boot.autoconfigure.cache.CacheAutoConfiguration did not match (ConditionEvaluationReport.AncestorsMatchedCondition)

   CaffeineCacheConfiguration:
      Did not match:
         - @ConditionalOnClass did not find required classes 'com.github.benmanes.caffeine.cache.Caffeine', 'org.springframework.cache.caffeine.CaffeineCacheManager' (OnClassCondition)

   CassandraAutoConfiguration:
      Did not match:
         - @ConditionalOnClass did not find required class 'com.datastax.driver.core.Cluster' (OnClassCondition)

   CassandraDataAutoConfiguration:
      Did not match:
         - @ConditionalOnClass did not find required class 'com.datastax.driver.core.Cluster' (OnClassCondition)

   CassandraReactiveDataAutoConfiguration:
      Did not match:
         - @ConditionalOnClass did not find required class 'com.datastax.driver.core.Cluster' (OnClassCondition)

   CassandraReactiveRepositoriesAutoConfiguration:
      Did not match:
         - @ConditionalOnClass did not find required class 'org.springframework.data.cassandra.ReactiveSession' (OnClassCondition)

   CassandraRepositoriesAutoConfiguration:
      Did not match:
         - @ConditionalOnClass did not find required class 'com.datastax.driver.core.Session' (OnClassCondition)

   ClientHttpConnectorAutoConfiguration:
      Did not match:
         - @ConditionalOnClass did not find required class 'org.springframework.web.reactive.function.client.WebClient' (OnClassCondition)

   CloudServiceConnectorsAutoConfiguration:
      Did not match:
         - @ConditionalOnClass did not find required class 'org.springframework.cloud.config.java.CloudScanConfiguration' (OnClassCondition)

   CouchbaseAutoConfiguration:
      Did not match:
         - @ConditionalOnClass did not find required class 'com.couchbase.client.java.Cluster' (OnClassCondition)

   CouchbaseCacheConfiguration:
      Did not match:
         - @ConditionalOnClass did not find required classes 'com.couchbase.client.java.Bucket', 'com.couchbase.client.spring.cache.CouchbaseCacheManager' (OnClassCondition)

   CouchbaseDataAutoConfiguration:
      Did not match:
         - @ConditionalOnClass did not find required class 'com.couchbase.client.java.Bucket' (OnClassCondition)

   CouchbaseReactiveDataAutoConfiguration:
      Did not match:
         - @ConditionalOnClass did not find required class 'com.couchbase.client.java.Bucket' (OnClassCondition)

   CouchbaseReactiveRepositoriesAutoConfiguration:
      Did not match:
         - @ConditionalOnClass did not find required class 'com.couchbase.client.java.Bucket' (OnClassCondition)

   CouchbaseRepositoriesAutoConfiguration:
      Did not match:
         - @ConditionalOnClass did not find required class 'com.couchbase.client.java.Bucket' (OnClassCondition)

   DataSourceAutoConfiguration:
      Did not match:
         - @ConditionalOnClass did not find required class 'org.springframework.jdbc.datasource.embedded.EmbeddedDatabaseType' (OnClassCondition)

   DataSourceTransactionManagerAutoConfiguration:
      Did not match:
         - @ConditionalOnClass did not find required class 'org.springframework.jdbc.core.JdbcTemplate' (OnClassCondition)

   DispatcherServletAutoConfiguration:
      Did not match:
         - not a servlet web application (OnWebApplicationCondition)
      Matched:
         - @ConditionalOnClass found required class 'org.springframework.web.servlet.DispatcherServlet' (OnClassCondition)

   EhCacheCacheConfiguration:
      Did not match:
         - @ConditionalOnClass did not find required classes 'net.sf.ehcache.Cache', 'org.springframework.cache.ehcache.EhCacheCacheManager' (OnClassCondition)

   ElasticsearchAutoConfiguration:
      Did not match:
         - @ConditionalOnClass did not find required class 'org.elasticsearch.client.Client' (OnClassCondition)

   ElasticsearchDataAutoConfiguration:
      Did not match:
         - @ConditionalOnClass did not find required class 'org.elasticsearch.client.Client' (OnClassCondition)

   ElasticsearchRepositoriesAutoConfiguration:
      Did not match:
         - @ConditionalOnClass did not find required class 'org.elasticsearch.client.Client' (OnClassCondition)

   EmbeddedLdapAutoConfiguration:
      Did not match:
         - @ConditionalOnClass did not find required class 'com.unboundid.ldap.listener.InMemoryDirectoryServer' (OnClassCondition)

   EmbeddedMongoAutoConfiguration:
      Did not match:
         - @ConditionalOnClass did not find required class 'com.mongodb.MongoClient' (OnClassCondition)

   EmbeddedWebServerFactoryCustomizerAutoConfiguration:
      Did not match:
         - @ConditionalOnWebApplication (required) not a servlet web application and did not find reactive web application classes (OnWebApplicationCondition)

   ErrorMvcAutoConfiguration:
      Did not match:
         - not a servlet web application (OnWebApplicationCondition)
      Matched:
         - @ConditionalOnClass found required classes 'javax.servlet.Servlet', 'org.springframework.web.servlet.DispatcherServlet' (OnClassCondition)

   ErrorWebFluxAutoConfiguration:
      Did not match:
         - @ConditionalOnClass did not find required class 'org.springframework.web.reactive.config.WebFluxConfigurer' (OnClassCondition)

   FlywayAutoConfiguration:
      Did not match:
         - @ConditionalOnClass did not find required class 'org.flywaydb.core.Flyway' (OnClassCondition)

   FreeMarkerAutoConfiguration:
      Did not match:
         - @ConditionalOnClass did not find required class 'freemarker.template.Configuration' (OnClassCondition)

   GroovyTemplateAutoConfiguration:
      Did not match:
         - @ConditionalOnClass did not find required class 'groovy.text.markup.MarkupTemplateEngine' (OnClassCondition)

   GsonAutoConfiguration:
      Did not match:
         - @ConditionalOnClass did not find required class 'com.google.gson.Gson' (OnClassCondition)

   GsonHttpMessageConvertersConfiguration:
      Did not match:
         - @ConditionalOnClass did not find required class 'com.google.gson.Gson' (OnClassCondition)

   H2ConsoleAutoConfiguration:
      Did not match:
         - @ConditionalOnClass did not find required class 'org.h2.server.web.WebServlet' (OnClassCondition)

   HazelcastAutoConfiguration:
      Did not match:
         - @ConditionalOnClass did not find required class 'com.hazelcast.core.HazelcastInstance' (OnClassCondition)

   HazelcastCacheConfiguration:
      Did not match:
         - @ConditionalOnClass did not find required classes 'com.hazelcast.core.HazelcastInstance', 'com.hazelcast.spring.cache.HazelcastCacheManager' (OnClassCondition)

   HazelcastJpaDependencyAutoConfiguration:
      Did not match:
         - @ConditionalOnClass did not find required class 'com.hazelcast.core.HazelcastInstance' (OnClassCondition)

   HibernateJpaAutoConfiguration:
      Did not match:
         - @ConditionalOnClass did not find required class 'javax.persistence.EntityManager' (OnClassCondition)

   HttpEncodingAutoConfiguration:
      Did not match:
         - not a servlet web application (OnWebApplicationCondition)
      Matched:
         - @ConditionalOnClass found required class 'org.springframework.web.filter.CharacterEncodingFilter' (OnClassCondition)

   HttpHandlerAutoConfiguration:
      Did not match:
         - @ConditionalOnClass did not find required class 'org.springframework.web.reactive.DispatcherHandler' (OnClassCondition)

   HypermediaAutoConfiguration:
      Did not match:
         - @ConditionalOnClass did not find required class 'org.springframework.hateoas.Resource' (OnClassCondition)

   InfinispanCacheConfiguration:
      Did not match:
         - @ConditionalOnClass did not find required class 'org.infinispan.spring.provider.SpringEmbeddedCacheManager' (OnClassCondition)

   InfluxDbAutoConfiguration:
      Did not match:
         - @ConditionalOnClass did not find required class 'org.influxdb.InfluxDB' (OnClassCondition)

   IntegrationAutoConfiguration:
      Did not match:
         - @ConditionalOnClass did not find required class 'org.springframework.integration.config.EnableIntegration' (OnClassCondition)

   JCacheCacheConfiguration:
      Did not match:
         - @ConditionalOnClass did not find required classes 'javax.cache.Caching', 'org.springframework.cache.jcache.JCacheCacheManager' (OnClassCondition)

   JacksonAutoConfiguration.JodaDateTimeJacksonConfiguration:
      Did not match:
         - @ConditionalOnClass did not find required classes 'org.joda.time.DateTime', 'com.fasterxml.jackson.datatype.joda.ser.DateTimeSerializer', 'com.fasterxml.jackson.datatype.joda.cfg.JacksonJodaDateFormat' (OnClassCondition)

   JacksonHttpMessageConvertersConfiguration.MappingJackson2XmlHttpMessageConverterConfiguration:
      Did not match:
         - @ConditionalOnClass did not find required class 'com.fasterxml.jackson.dataformat.xml.XmlMapper' (OnClassCondition)

   JdbcRepositoriesAutoConfiguration:
      Did not match:
         - @ConditionalOnClass did not find required class 'org.springframework.data.jdbc.repository.config.JdbcConfiguration' (OnClassCondition)

   JdbcTemplateAutoConfiguration:
      Did not match:
         - @ConditionalOnClass did not find required class 'org.springframework.jdbc.core.JdbcTemplate' (OnClassCondition)

   JerseyAutoConfiguration:
      Did not match:
         - @ConditionalOnClass did not find required class 'org.glassfish.jersey.server.spring.SpringComponentProvider' (OnClassCondition)

   JestAutoConfiguration:
      Did not match:
         - @ConditionalOnClass did not find required class 'io.searchbox.client.JestClient' (OnClassCondition)

   JmsAutoConfiguration:
      Did not match:
         - @ConditionalOnClass did not find required class 'javax.jms.Message' (OnClassCondition)

   JndiConnectionFactoryAutoConfiguration:
      Did not match:
         - @ConditionalOnClass did not find required class 'org.springframework.jms.core.JmsTemplate' (OnClassCondition)

   JndiDataSourceAutoConfiguration:
      Did not match:
         - @ConditionalOnClass did not find required class 'org.springframework.jdbc.datasource.embedded.EmbeddedDatabaseType' (OnClassCondition)

   JooqAutoConfiguration:
      Did not match:
         - @ConditionalOnClass did not find required class 'org.jooq.DSLContext' (OnClassCondition)

   JpaRepositoriesAutoConfiguration:
      Did not match:
         - @ConditionalOnClass did not find required class 'org.springframework.data.jpa.repository.JpaRepository' (OnClassCondition)

   JsonbAutoConfiguration:
      Did not match:
         - @ConditionalOnClass did not find required class 'javax.json.bind.Jsonb' (OnClassCondition)

   JsonbHttpMessageConvertersConfiguration:
      Did not match:
         - @ConditionalOnClass did not find required class 'javax.json.bind.Jsonb' (OnClassCondition)

   JtaAutoConfiguration:
      Did not match:
         - @ConditionalOnClass did not find required class 'javax.transaction.Transaction' (OnClassCondition)

   KafkaAutoConfiguration:
      Did not match:
         - @ConditionalOnClass did not find required class 'org.springframework.kafka.core.KafkaTemplate' (OnClassCondition)

   LdapAutoConfiguration:
      Did not match:
         - @ConditionalOnClass did not find required class 'org.springframework.ldap.core.ContextSource' (OnClassCondition)

   LdapRepositoriesAutoConfiguration:
      Did not match:
         - @ConditionalOnClass did not find required class 'org.springframework.data.ldap.repository.LdapRepository' (OnClassCondition)

   LiquibaseAutoConfiguration:
      Did not match:
         - @ConditionalOnClass did not find required class 'liquibase.change.DatabaseChange' (OnClassCondition)

   MailSenderAutoConfiguration:
      Did not match:
         - @ConditionalOnClass did not find required class 'javax.mail.internet.MimeMessage' (OnClassCondition)

   MailSenderValidatorAutoConfiguration:
      Did not match:
         - @ConditionalOnSingleCandidate did not find required type 'org.springframework.mail.javamail.JavaMailSenderImpl' (OnBeanCondition)

   MessageSourceAutoConfiguration:
      Did not match:
         - ResourceBundle did not find bundle with basename messages (MessageSourceAutoConfiguration.ResourceBundleCondition)

   MongoAutoConfiguration:
      Did not match:
         - @ConditionalOnClass did not find required class 'com.mongodb.MongoClient' (OnClassCondition)

   MongoDataAutoConfiguration:
      Did not match:
         - @ConditionalOnClass did not find required class 'com.mongodb.client.MongoClient' (OnClassCondition)

   MongoReactiveAutoConfiguration:
      Did not match:
         - @ConditionalOnClass did not find required class 'com.mongodb.reactivestreams.client.MongoClient' (OnClassCondition)

   MongoReactiveDataAutoConfiguration:
      Did not match:
         - @ConditionalOnClass did not find required class 'com.mongodb.reactivestreams.client.MongoClient' (OnClassCondition)

   MongoReactiveRepositoriesAutoConfiguration:
      Did not match:
         - @ConditionalOnClass did not find required class 'com.mongodb.reactivestreams.client.MongoClient' (OnClassCondition)

   MongoRepositoriesAutoConfiguration:
      Did not match:
         - @ConditionalOnClass did not find required class 'com.mongodb.MongoClient' (OnClassCondition)

   MultipartAutoConfiguration:
      Did not match:
         - not a servlet web application (OnWebApplicationCondition)
      Matched:
         - @ConditionalOnClass found required classes 'javax.servlet.Servlet', 'org.springframework.web.multipart.support.StandardServletMultipartResolver', 'javax.servlet.MultipartConfigElement' (OnClassCondition)

   MustacheAutoConfiguration:
      Did not match:
         - @ConditionalOnClass did not find required class 'com.samskivert.mustache.Mustache' (OnClassCondition)

   Neo4jDataAutoConfiguration:
      Did not match:
         - @ConditionalOnClass did not find required class 'org.neo4j.ogm.session.SessionFactory' (OnClassCondition)

   Neo4jRepositoriesAutoConfiguration:
      Did not match:
         - @ConditionalOnClass did not find required class 'org.neo4j.ogm.session.Neo4jSession' (OnClassCondition)

   OAuth2ClientAutoConfiguration:
      Did not match:
         - @ConditionalOnClass did not find required class 'org.springframework.security.config.annotation.web.configuration.EnableWebSecurity' (OnClassCondition)

   OAuth2ResourceServerAutoConfiguration:
      Did not match:
         - @ConditionalOnClass did not find required class 'org.springframework.security.oauth2.jwt.JwtDecoder' (OnClassCondition)

   PersistenceExceptionTranslationAutoConfiguration:
      Did not match:
         - @ConditionalOnClass did not find required class 'org.springframework.dao.annotation.PersistenceExceptionTranslationPostProcessor' (OnClassCondition)

   ProjectInfoAutoConfiguration#buildProperties:
      Did not match:
         - @ConditionalOnResource did not find resource '${spring.info.build.location:classpath:META-INF/build-info.properties}' (OnResourceCondition)

   ProjectInfoAutoConfiguration#gitProperties:
      Did not match:
         - GitResource did not find git info at classpath:git.properties (ProjectInfoAutoConfiguration.GitResourceAvailableCondition)

   QuartzAutoConfiguration:
      Did not match:
         - @ConditionalOnClass did not find required class 'org.quartz.Scheduler' (OnClassCondition)

   RabbitAutoConfiguration:
      Did not match:
         - @ConditionalOnClass did not find required class 'com.rabbitmq.client.Channel' (OnClassCondition)

   ReactiveOAuth2ClientAutoConfiguration:
      Did not match:
         - @ConditionalOnClass did not find required class 'reactor.core.publisher.Flux' (OnClassCondition)

   ReactiveOAuth2ResourceServerAutoConfiguration:
      Did not match:
         - @ConditionalOnClass did not find required class 'org.springframework.security.config.annotation.web.reactive.EnableWebFluxSecurity' (OnClassCondition)

   ReactiveSecurityAutoConfiguration:
      Did not match:
         - @ConditionalOnClass did not find required class 'reactor.core.publisher.Flux' (OnClassCondition)

   ReactiveUserDetailsServiceAutoConfiguration:
      Did not match:
         - @ConditionalOnClass did not find required class 'org.springframework.security.authentication.ReactiveAuthenticationManager' (OnClassCondition)

   ReactiveWebServerFactoryAutoConfiguration:
      Did not match:
         - @ConditionalOnWebApplication did not find reactive web application classes (OnWebApplicationCondition)

   ReactorCoreAutoConfiguration:
      Did not match:
         - @ConditionalOnClass did not find required class 'reactor.core.publisher.Flux' (OnClassCondition)

   RedisAutoConfiguration:
      Did not match:
         - @ConditionalOnClass did not find required class 'org.springframework.data.redis.core.RedisOperations' (OnClassCondition)

   RedisCacheConfiguration:
      Did not match:
         - @ConditionalOnClass did not find required class 'org.springframework.data.redis.connection.RedisConnectionFactory' (OnClassCondition)

   RedisReactiveAutoConfiguration:
      Did not match:
         - @ConditionalOnClass did not find required class 'reactor.core.publisher.Flux' (OnClassCondition)

   RedisRepositoriesAutoConfiguration:
      Did not match:
         - @ConditionalOnClass did not find required class 'org.springframework.data.redis.repository.configuration.EnableRedisRepositories' (OnClassCondition)

   RepositoryRestMvcAutoConfiguration:
      Did not match:
         - @ConditionalOnClass did not find required class 'org.springframework.data.rest.webmvc.config.RepositoryRestMvcConfiguration' (OnClassCondition)

   RestClientAutoConfiguration:
      Did not match:
         - @ConditionalOnClass did not find required class 'org.elasticsearch.client.RestClient' (OnClassCondition)

   SecurityAutoConfiguration:
      Did not match:
         - @ConditionalOnClass did not find required class 'org.springframework.security.authentication.DefaultAuthenticationEventPublisher' (OnClassCondition)

   SecurityFilterAutoConfiguration:
      Did not match:
         - @ConditionalOnClass did not find required class 'org.springframework.security.config.http.SessionCreationPolicy' (OnClassCondition)

   SecurityRequestMatcherProviderAutoConfiguration:
      Did not match:
         - @ConditionalOnClass did not find required class 'org.springframework.security.web.util.matcher.RequestMatcher' (OnClassCondition)

   SendGridAutoConfiguration:
      Did not match:
         - @ConditionalOnClass did not find required class 'com.sendgrid.SendGrid' (OnClassCondition)

   ServletWebServerFactoryAutoConfiguration:
      Did not match:
         - not a servlet web application (OnWebApplicationCondition)
      Matched:
         - @ConditionalOnClass found required class 'javax.servlet.ServletRequest' (OnClassCondition)

   SessionAutoConfiguration:
      Did not match:
         - @ConditionalOnClass did not find required class 'org.springframework.session.Session' (OnClassCondition)

   SolrAutoConfiguration:
      Did not match:
         - @ConditionalOnClass did not find required class 'org.apache.solr.client.solrj.impl.CloudSolrClient' (OnClassCondition)

   SolrRepositoriesAutoConfiguration:
      Did not match:
         - @ConditionalOnClass did not find required class 'org.apache.solr.client.solrj.SolrClient' (OnClassCondition)

   SpringDataWebAutoConfiguration:
      Did not match:
         - @ConditionalOnClass did not find required class 'org.springframework.data.web.PageableHandlerMethodArgumentResolver' (OnClassCondition)

   TaskSchedulingAutoConfiguration#taskScheduler:
      Did not match:
         - @ConditionalOnBean (names: org.springframework.context.annotation.internalScheduledAnnotationProcessor; SearchStrategy: all) did not find any beans named org.springframework.context.annotation.internalScheduledAnnotationProcessor (OnBeanCondition)

   ThymeleafAutoConfiguration:
      Did not match:
         - @ConditionalOnClass did not find required class 'org.thymeleaf.templatemode.TemplateMode' (OnClassCondition)

   TransactionAutoConfiguration:
      Did not match:
         - @ConditionalOnClass did not find required class 'org.springframework.transaction.PlatformTransactionManager' (OnClassCondition)

   UserDetailsServiceAutoConfiguration:
      Did not match:
         - @ConditionalOnClass did not find required class 'org.springframework.security.authentication.AuthenticationManager' (OnClassCondition)

   WebClientAutoConfiguration:
      Did not match:
         - @ConditionalOnClass did not find required class 'org.springframework.web.reactive.function.client.WebClient' (OnClassCondition)

   WebFluxAutoConfiguration:
      Did not match:
         - @ConditionalOnClass did not find required class 'org.springframework.web.reactive.config.WebFluxConfigurer' (OnClassCondition)

   WebMvcAutoConfiguration:
      Did not match:
         - not a servlet web application (OnWebApplicationCondition)
      Matched:
         - @ConditionalOnClass found required classes 'javax.servlet.Servlet', 'org.springframework.web.servlet.DispatcherServlet', 'org.springframework.web.servlet.config.annotation.WebMvcConfigurer' (OnClassCondition)

   WebServiceTemplateAutoConfiguration:
      Did not match:
         - @ConditionalOnClass did not find required class 'org.springframework.oxm.Marshaller' (OnClassCondition)

   WebServicesAutoConfiguration:
      Did not match:
         - @ConditionalOnClass did not find required class 'org.springframework.ws.transport.http.MessageDispatcherServlet' (OnClassCondition)

   WebSocketMessagingAutoConfiguration:
      Did not match:
         - @ConditionalOnClass did not find required class 'org.springframework.web.socket.config.annotation.WebSocketMessageBrokerConfigurer' (OnClassCondition)

   WebSocketReactiveAutoConfiguration:
      Did not match:
         - @ConditionalOnWebApplication did not find reactive web application classes (OnWebApplicationCondition)

   WebSocketServletAutoConfiguration:
      Did not match:
         - not a servlet web application (OnWebApplicationCondition)
      Matched:
         - @ConditionalOnClass found required classes 'javax.servlet.Servlet', 'javax.websocket.server.ServerContainer' (OnClassCondition)

   XADataSourceAutoConfiguration:
      Did not match:
         - @ConditionalOnClass did not find required class 'javax.transaction.TransactionManager' (OnClassCondition)


Exclusions:
-----------

    None


Unconditional classes:
----------------------

    org.springframework.boot.autoconfigure.context.ConfigurationPropertiesAutoConfiguration

    org.springframework.boot.autoconfigure.context.PropertyPlaceholderAutoConfiguration

    org.springframework.boot.autoconfigure.info.ProjectInfoAutoConfiguration



2019-01-15 18:10:55.376  INFO 11924 --- [main] me.whiteship.Springinit2Application      : Started Springinit2Application in 1.591 seconds (JVM running for 2.232)
2019-01-15 18:10:55.377  INFO 11924 --- [main] me.whiteship.SampleListener              : =====================
2019-01-15 18:10:55.377  INFO 11924 --- [main] me.whiteship.SampleListener              : =====================
2019-01-15 18:10:55.378 DEBUG 11924 --- [Thread-3] s.c.a.AnnotationConfigApplicationContext : Closing org.springframework.context.annotation.AnnotationConfigApplicationContext@2b6faea6, started on Tue Jan 15 18:10:54 KST 2019
2019-01-15 18:10:55.379 DEBUG 11924 --- [Thread-3] o.s.j.e.a.AnnotationMBeanExporter        : Unregistering JMX-exposed beans on shutdown
2019-01-15 18:12:00.158  INFO 5472 --- [main] me.whiteship.Springinit2Application      : Starting Springinit2Application on LAPTOP-8A7ACJAN with PID 5472 (D:\forGit\Study\SpringBootLectureExercise01\Springinit2\target\classes started by jth45 in D:\forGit\Study\SpringBootLectureExercise01\Springinit2)
2019-01-15 18:12:00.160 DEBUG 5472 --- [main] me.whiteship.Springinit2Application      : Running with Spring Boot v2.1.2.RELEASE, Spring v5.1.4.RELEASE
2019-01-15 18:12:00.160  INFO 5472 --- [main] me.whiteship.Springinit2Application      : The following profiles are active: test
2019-01-15 18:12:00.710  INFO 5472 --- [main] me.whiteship.Springinit2Application      : Started Springinit2Application in 0.817 seconds (JVM running for 1.47)
2019-01-15 18:12:00.711  INFO 5472 --- [main] me.whiteship.SampleListener              : =====================
2019-01-15 18:12:00.711 DEBUG 5472 --- [main] me.whiteship.SampleListener              : hello test
2019-01-15 18:12:00.711 DEBUG 5472 --- [main] me.whiteship.SampleListener              : taehyun test
2019-01-15 18:12:00.711 DEBUG 5472 --- [main] me.whiteship.SampleListener              : taehyun test Jeong
2019-01-15 18:12:00.711  INFO 5472 --- [main] me.whiteship.SampleListener              : =====================
2019-01-15 18:24:37.860  INFO 1008 --- [main] me.whiteship.Springinit2Application      : Starting Springinit2Application on LAPTOP-8A7ACJAN with PID 1008 (D:\forGit\Study\SpringBootLectureExercise01\Springinit2\target\classes started by jth45 in D:\forGit\Study\SpringBootLectureExercise01\Springinit2)
2019-01-15 18:24:37.861 DEBUG 1008 --- [main] me.whiteship.Springinit2Application      : Running with Spring Boot v2.1.2.RELEASE, Spring v5.1.4.RELEASE
2019-01-15 18:24:37.862  INFO 1008 --- [main] me.whiteship.Springinit2Application      : The following profiles are active: test
2019-01-15 18:24:38.425  INFO 1008 --- [main] me.whiteship.Springinit2Application      : Started Springinit2Application in 0.885 seconds (JVM running for 1.536)
2019-01-15 18:24:38.425  INFO 1008 --- [main] me.whiteship.SampleListener              : =====================
2019-01-15 18:24:38.426 DEBUG 1008 --- [main] me.whiteship.SampleListener              : hello test
2019-01-15 18:24:38.426 DEBUG 1008 --- [main] me.whiteship.SampleListener              : taehyun test
2019-01-15 18:24:38.426 DEBUG 1008 --- [main] me.whiteship.SampleListener              : taehyun test Jeong
2019-01-15 18:24:38.426  INFO 1008 --- [main] me.whiteship.SampleListener              : =====================
2019-01-15 19:05:07.067  INFO 5832 --- [main] m.w.Springinit2Application               : Starting Springinit2Application on LAPTOP-8A7ACJAN with PID 5832 (D:\forGit\Study\SpringBootLectureExercise01\Springinit2\target\classes started by jth45 in D:\forGit\Study\SpringBootLectureExercise01\Springinit2)
2019-01-15 19:05:07.072 DEBUG 5832 --- [main] m.w.Springinit2Application               : Running with Spring Boot v2.1.2.RELEASE, Spring v5.1.4.RELEASE
2019-01-15 19:05:07.072  INFO 5832 --- [main] m.w.Springinit2Application               : The following profiles are active: test
2019-01-15 19:05:07.567  INFO 5832 --- [main] m.w.Springinit2Application               : Started Springinit2Application in 0.831 seconds (JVM running for 1.663)
2019-01-15 19:05:07.568  INFO 5832 --- [main] m.w.SampleListener                       : =====================
2019-01-15 19:05:07.568 DEBUG 5832 --- [main] m.w.SampleListener                       : hello test
2019-01-15 19:05:07.568 DEBUG 5832 --- [main] m.w.SampleListener                       : taehyun test
2019-01-15 19:05:07.568 DEBUG 5832 --- [main] m.w.SampleListener                       : taehyun test Jeong
2019-01-15 19:05:07.568  INFO 5832 --- [main] m.w.SampleListener                       : =====================
